<?xml version="1.0" encoding="UTF-8"?>
<!-- Generated by org.testng.reporters.JUnitReportReporter -->
<testsuite hostname="Adithya" failures="0" tests="1" name="Assert.WorkonhardAssert" time="21.283" errors="0" timestamp="2023-01-13T10:50:48 IST" skipped="0">
  <testcase classname="Assert.WorkonhardAssert" name="work" time="21.283"/>
  <system-out>
actiTIME - Login Tilte macthed admin entered  </system-out>
</testsuite> <!-- Assert.WorkonhardAssert -->
