<?xml version="1.0" encoding="UTF-8"?>
<!-- Generated by org.testng.reporters.JUnitReportReporter -->
<testsuite hostname="Adithya" failures="0" tests="2" name="DataProviders.Scrpit1" time="32.349" errors="0" timestamp="2023-01-11T12:01:59 IST" skipped="0">
  <testcase classname="DataProviders.Scrpit1" name="test" time="16.078"/>
  <system-out/>
  <testcase classname="DataProviders.Scrpit1" name="test" time="16.271"/>
  <system-out/>
</testsuite> <!-- DataProviders.Scrpit1 -->
