<?xml version="1.0" encoding="UTF-8"?>
<!-- Generated by org.testng.reporters.JUnitReportReporter -->
<testsuite hostname="Adithya" failures="0" tests="40" name="DataProviders.DataProdivedForDemo" time="629.413" errors="0" timestamp="2023-01-30T17:27:58 IST" skipped="0">
  <testcase classname="DataProviders.DataProdivedForDemo" name="demo1" time="13.437"/>
  <system-out/>
  <testcase classname="DataProviders.DataProdivedForDemo" name="demo1" time="13.170"/>
  <system-out/>
  <testcase classname="DataProviders.DataProdivedForDemo" name="demo1" time="11.956"/>
  <system-out/>
  <testcase classname="DataProviders.DataProdivedForDemo" name="demo1" time="11.376"/>
  <system-out/>
  <testcase classname="DataProviders.DataProdivedForDemo" name="demo1" time="12.010"/>
  <system-out/>
  <testcase classname="DataProviders.DataProdivedForDemo" name="demo1" time="10.282"/>
  <system-out/>
  <testcase classname="DataProviders.DataProdivedForDemo" name="demo1" time="11.452"/>
  <system-out/>
  <testcase classname="DataProviders.DataProdivedForDemo" name="demo1" time="11.994"/>
  <system-out/>
  <testcase classname="DataProviders.DataProdivedForDemo" name="demo1" time="12.916"/>
  <system-out/>
  <testcase classname="DataProviders.DataProdivedForDemo" name="demo1" time="13.076"/>
  <system-out/>
  <testcase classname="DataProviders.DataProdivedForDemo" name="demo1" time="20.300"/>
  <system-out/>
  <testcase classname="DataProviders.DataProdivedForDemo" name="demo1" time="11.454"/>
  <system-out/>
  <testcase classname="DataProviders.DataProdivedForDemo" name="demo1" time="12.885"/>
  <system-out/>
  <testcase classname="DataProviders.DataProdivedForDemo" name="demo1" time="10.658"/>
  <system-out/>
  <testcase classname="DataProviders.DataProdivedForDemo" name="demo1" time="10.669"/>
  <system-out/>
  <testcase classname="DataProviders.DataProdivedForDemo" name="demo1" time="12.157"/>
  <system-out/>
  <testcase classname="DataProviders.DataProdivedForDemo" name="demo1" time="12.949"/>
  <system-out/>
  <testcase classname="DataProviders.DataProdivedForDemo" name="demo1" time="13.183"/>
  <system-out/>
  <testcase classname="DataProviders.DataProdivedForDemo" name="demo1" time="11.743"/>
  <system-out/>
  <testcase classname="DataProviders.DataProdivedForDemo" name="demo1" time="19.540"/>
  <system-out/>
  <testcase classname="DataProviders.DataProdivedForDemo" name="demo1" time="11.965"/>
  <system-out/>
  <testcase classname="DataProviders.DataProdivedForDemo" name="demo1" time="12.629"/>
  <system-out/>
  <testcase classname="DataProviders.DataProdivedForDemo" name="demo1" time="12.030"/>
  <system-out/>
  <testcase classname="DataProviders.DataProdivedForDemo" name="demo1" time="19.871"/>
  <system-out/>
  <testcase classname="DataProviders.DataProdivedForDemo" name="demo1" time="10.652"/>
  <system-out/>
  <testcase classname="DataProviders.DataProdivedForDemo" name="demo1" time="41.902"/>
  <system-out/>
  <testcase classname="DataProviders.DataProdivedForDemo" name="demo1" time="41.902"/>
  <system-out/>
  <testcase classname="DataProviders.DataProdivedForDemo" name="demo1" time="11.758"/>
  <system-out/>
  <testcase classname="DataProviders.DataProdivedForDemo" name="demo1" time="12.050"/>
  <system-out/>
  <testcase classname="DataProviders.DataProdivedForDemo" name="demo1" time="20.173"/>
  <system-out/>
  <testcase classname="DataProviders.DataProdivedForDemo" name="demo1" time="11.955"/>
  <system-out/>
  <testcase classname="DataProviders.DataProdivedForDemo" name="demo1" time="41.948"/>
  <system-out/>
  <testcase classname="DataProviders.DataProdivedForDemo" name="demo1" time="10.848"/>
  <system-out/>
  <testcase classname="DataProviders.DataProdivedForDemo" name="demo1" time="11.031"/>
  <system-out/>
  <testcase classname="DataProviders.DataProdivedForDemo" name="demo1" time="11.455"/>
  <system-out/>
  <testcase classname="DataProviders.DataProdivedForDemo" name="demo1" time="11.041"/>
  <system-out/>
  <testcase classname="DataProviders.DataProdivedForDemo" name="demo1" time="41.931"/>
  <system-out/>
  <testcase classname="DataProviders.DataProdivedForDemo" name="demo1" time="11.612"/>
  <system-out/>
  <testcase classname="DataProviders.DataProdivedForDemo" name="demo1" time="12.997"/>
  <system-out/>
  <testcase classname="DataProviders.DataProdivedForDemo" name="demo1" time="12.456"/>
  <system-out/>
</testsuite> <!-- DataProviders.DataProdivedForDemo -->
