<?xml version="1.0" encoding="UTF-8"?>
<!-- Generated by org.testng.reporters.JUnitReportReporter -->
<testsuite hostname="Adithya" failures="0" tests="1" name="Bikes.TC_Bikes_ducati_01" time="4.608" errors="0" timestamp="2023-01-12T15:52:32 IST" skipped="0">
  <testcase classname="Bikes.TC_Bikes_ducati_01" name="DucatiMos" time="4.608"/>
  <system-out/>
</testsuite> <!-- Bikes.TC_Bikes_ducati_01 -->
