<?xml version="1.0" encoding="UTF-8"?>
<!-- Generated by org.testng.reporters.JUnitReportReporter -->
<testsuite hostname="Adithya" failures="0" tests="2" name="CrossBrowseing.crossbrowschrome" time="18.449" errors="0" timestamp="2023-01-10T16:42:56 IST" skipped="0">
  <testcase classname="CrossBrowseing.crossbrowschrome" name="DucatiMos" time="11.771"/>
  <system-out/>
  <testcase classname="CrossBrowseing.crossbrowschrome" name="DucatiMos" time="6.678"/>
  <system-out/>
</testsuite> <!-- CrossBrowseing.crossbrowschrome -->
