<?xml version="1.0" encoding="UTF-8"?>
<!-- Generated by org.testng.reporters.JUnitReportReporter -->
<testsuite hostname="Adithya" failures="0" tests="1" name="Bikes.TC_Bikes_Honda_02" time="0.003" errors="0" timestamp="2023-01-12T17:06:09 IST" skipped="0">
  <testcase classname="Bikes.TC_Bikes_Honda_02" name="Honda" time="0.003"/>
  <system-out/>
</testsuite> <!-- Bikes.TC_Bikes_Honda_02 -->
