<?xml version="1.0" encoding="UTF-8"?>
<!-- Generated by org.testng.reporters.JUnitReportReporter -->
<testsuite hostname="Adithya" failures="0" tests="1" name="Bikes.TC_Bikes_Bajaj_03" time="3.324" errors="0" timestamp="2023-01-10T12:26:00 IST" skipped="0">
  <testcase classname="Bikes.TC_Bikes_Bajaj_03" name="Bajaj" time="3.324"/>
  <system-out/>
</testsuite> <!-- Bikes.TC_Bikes_Bajaj_03 -->
