<?xml version="1.0" encoding="UTF-8"?>
<!-- Generated by org.testng.reporters.JUnitReportReporter -->
<testsuite hostname="Adithya" failures="0" tests="1" name="cars.TC_Car_BMW_01" time="9.397" errors="0" timestamp="2023-01-12T17:06:09 IST" skipped="0">
  <testcase classname="cars.TC_Car_BMW_01" name="BMW" time="9.397"/>
  <system-out/>
</testsuite> <!-- cars.TC_Car_BMW_01 -->
