<?xml version="1.0" encoding="UTF-8"?>
<!-- Generated by org.testng.reporters.JUnitReportReporter -->
<testsuite hostname="Adithya" failures="0" tests="3" name="WorkIngWithTestNG.AnnotationWork" time="90.494" errors="0" timestamp="2023-01-02T17:20:30 IST" skipped="0">
  <testcase classname="WorkIngWithTestNG.AnnotationWork" name="AM" time="64.505"/>
  <system-out>
Opeing BMW  </system-out>
  <testcase classname="WorkIngWithTestNG.AnnotationWork" name="lambrogini" time="7.108"/>
  <system-out>
Opening Lambrogini  </system-out>
  <testcase classname="WorkIngWithTestNG.AnnotationWork" name="Ducati" time="18.881"/>
  <system-out>
Opening Ducati  </system-out>
</testsuite> <!-- WorkIngWithTestNG.AnnotationWork -->
